2026-04-13 18:13:16 ERROR LoggingFailureAnalysisReporter:40 - 

***************************
APPLICATION FAILED TO START
***************************

Description:

Failed to bind properties under 'logging.level.org.hibernate.sql' to org.springframework.boot.logging.LogLevel:

    Property: logging.level.org.hibernate.sql
    Value: "DEBUG          # In cï¿½c cï¿½u l?nh SQL ra log"
    Origin: class path resource [application.properties] - 38:33
    Reason: failed to convert java.lang.String to org.springframework.boot.logging.LogLevel (caused by java.lang.IllegalArgumentException: No enum constant org.springframework.boot.logging.LogLevel.DEBUG          # In cï¿½c cï¿½u l?nh SQL ra log)

Action:

Update your application's configuration. The following values are valid:

    DEBUG
    ERROR
    FATAL
    INFO
    OFF
    TRACE
    WARN

2026-04-13 18:13:51 INFO  LahoaBeApplication:54 - Starting LahoaBeApplication using Java 21.0.10 with PID 25607 (/Users/congsang/lahoa_shop/lahoa_website/lahoa-be/target/classes started by congsang in /Users/congsang/lahoa_shop/lahoa_website/lahoa-be)
2026-04-13 18:13:51 INFO  LahoaBeApplication:652 - No active profile set, falling back to 1 default profile: "default"
2026-04-13 18:13:51 INFO  Version:18 - HV000001: Hibernate Validator 9.0.1.Final
2026-04-13 18:13:51 INFO  RepositoryConfigurationDelegate:145 - Bootstrapping Spring Data JPA repositories in DEFAULT mode.
2026-04-13 18:13:51 INFO  RepositoryConfigurationDelegate:213 - Finished Spring Data repository scanning in 24 ms. Found 2 JPA repository interfaces.
2026-04-13 18:13:51 INFO  TomcatWebServer:114 - Tomcat initialized with port 8080 (http)
2026-04-13 18:13:51 INFO  Http11NioProtocol:168 - Initializing ProtocolHandler ["http-nio-8080"]
2026-04-13 18:13:51 INFO  StandardService:168 - Starting service [Tomcat]
2026-04-13 18:13:51 INFO  StandardEngine:168 - Starting Servlet engine: [Apache Tomcat/11.0.18]
2026-04-13 18:13:51 INFO  WebApplicationContextInitializer:77 - Root WebApplicationContext: initialization completed in 703 ms
2026-04-13 18:13:51 INFO  jpa:102 - HHH008540: Processing PersistenceUnitInfo [name: default]
2026-04-13 18:13:51 INFO  core:41 - HHH000001: Hibernate ORM core version 7.2.4.Final
2026-04-13 18:13:52 INFO  SpringPersistenceUnitInfo:129 - No LoadTimeWeaver setup: ignoring JPA class transformer
2026-04-13 18:13:52 INFO  HikariDataSource:109 - HikariPool-1 - Starting...
2026-04-13 18:13:52 INFO  HikariPool:580 - HikariPool-1 - Added connection com.mysql.cj.jdbc.ConnectionImpl@6ec2d990
2026-04-13 18:13:52 INFO  HikariDataSource:122 - HikariPool-1 - Start completed.
2026-04-13 18:13:52 INFO  pooling:179 - HHH10001005: Database info:
	Database JDBC URL [jdbc:mysql://localhost:3306/lahoamanager]
	Database driver: MySQL Connector/J
	Database dialect: MySQLDialect
	Database version: 8.0.45
	Default catalog/schema: lahoamanager/undefined
	Autocommit mode: undefined/unknown
	Isolation level: REPEATABLE_READ [default REPEATABLE_READ]
	JDBC fetch size: none
	Pool: DataSourceConnectionProvider
	Minimum pool size: undefined/unknown
	Maximum pool size: undefined/unknown
2026-04-13 18:13:52 INFO  core:53 - HHH000489: No JTA platform available (set 'hibernate.transaction.jta.platform' to enable JTA platform integration)
2026-04-13 18:13:52 INFO  LocalContainerEntityManagerFactoryBean:464 - Initialized JPA EntityManagerFactory for persistence unit 'default'
2026-04-13 18:13:52 INFO  QueryEnhancerFactories:48 - Hibernate is in classpath; If applicable, HQL parser will be used.
2026-04-13 18:13:53 WARN  JpaBaseConfiguration$JpaWebConfiguration:247 - spring.jpa.open-in-view is enabled by default. Therefore, database queries may be performed during view rendering. Explicitly configure spring.jpa.open-in-view to disable this warning
2026-04-13 18:13:53 INFO  InitializeUserDetailsBeanManagerConfigurer$InitializeUserDetailsManagerConfigurer:110 - Global AuthenticationManager configured with UserDetailsService bean with name appUserDetailsService
2026-04-13 18:13:53 INFO  Http11NioProtocol:168 - Starting ProtocolHandler ["http-nio-8080"]
2026-04-13 18:13:53 INFO  TomcatWebServer:240 - Tomcat started on port 8080 (http) with context path '/api'
2026-04-13 18:13:53 INFO  LahoaBeApplication:60 - Started LahoaBeApplication in 2.628 seconds (process running for 2.932)
2026-04-13 18:14:03 INFO  [/api]:168 - Initializing Spring DispatcherServlet 'dispatcherServlet'
2026-04-13 18:14:03 INFO  DispatcherServlet:523 - Initializing Servlet 'dispatcherServlet'
2026-04-13 18:14:03 INFO  DispatcherServlet:545 - Completed initialization in 1 ms
2026-04-13 18:14:04 INFO  JwtAuthenticationFilter:35 - ➡️ Request: POST /api/auth/logout
2026-04-13 18:14:04 DEBUG SQL:126 - 
    select
        ue1_0.id,
        ue1_0.activation_token,
        ue1_0.created_at,
        ue1_0.email,
        ue1_0.full_name,
        ue1_0.password,
        ue1_0.phone,
        ue1_0.provider,
        ue1_0.role,
        ue1_0.status,
        ue1_0.updated_at,
        ue1_0.user_image_url 
    from
        user ue1_0 
    where
        ue1_0.email=?
2026-04-13 18:14:04 DEBUG SQL:126 - 
    select
        rte1_0.id,
        rte1_0.created_at,
        rte1_0.expiry_date,
        rte1_0.token,
        rte1_0.updated_at,
        rte1_0.user_id 
    from
        refresh_token rte1_0 
    where
        rte1_0.user_id=?
2026-04-13 18:14:04 DEBUG SQL:126 - 
    select
        ue1_0.id,
        ue1_0.activation_token,
        ue1_0.created_at,
        ue1_0.email,
        ue1_0.full_name,
        ue1_0.password,
        ue1_0.phone,
        ue1_0.provider,
        ue1_0.role,
        ue1_0.status,
        ue1_0.updated_at,
        ue1_0.user_image_url 
    from
        user ue1_0 
    where
        ue1_0.id=?
2026-04-13 18:14:04 DEBUG SQL:126 - 
    delete 
    from
        refresh_token 
    where
        id=?
2026-04-13 18:14:04 INFO  JwtAuthenticationFilter:60 - ⬅️ Response: POST /api/auth/logout - 204
2026-04-13 18:14:30 DEBUG SQL:126 - 
    select
        ue1_0.id,
        ue1_0.activation_token,
        ue1_0.created_at,
        ue1_0.email,
        ue1_0.full_name,
        ue1_0.password,
        ue1_0.phone,
        ue1_0.provider,
        ue1_0.role,
        ue1_0.status,
        ue1_0.updated_at,
        ue1_0.user_image_url 
    from
        user ue1_0 
    where
        ue1_0.email=?
2026-04-13 18:14:30 DEBUG SQL:126 - 
    select
        rte1_0.id,
        rte1_0.created_at,
        rte1_0.expiry_date,
        rte1_0.token,
        rte1_0.updated_at,
        rte1_0.user_id 
    from
        refresh_token rte1_0 
    where
        rte1_0.user_id=?
2026-04-13 18:14:30 DEBUG SQL:126 - 
    select
        ue1_0.id,
        ue1_0.activation_token,
        ue1_0.created_at,
        ue1_0.email,
        ue1_0.full_name,
        ue1_0.password,
        ue1_0.phone,
        ue1_0.provider,
        ue1_0.role,
        ue1_0.status,
        ue1_0.updated_at,
        ue1_0.user_image_url 
    from
        user ue1_0 
    where
        ue1_0.id=?
2026-04-13 18:14:30 DEBUG SQL:126 - 
    select
        null,
        ue1_0.activation_token,
        ue1_0.created_at,
        ue1_0.email,
        ue1_0.full_name,
        ue1_0.password,
        ue1_0.phone,
        ue1_0.provider,
        ue1_0.role,
        ue1_0.status,
        ue1_0.updated_at,
        ue1_0.user_image_url 
    from
        user ue1_0 
    where
        ue1_0.id=?
2026-04-13 18:14:30 DEBUG SQL:126 - 
    insert 
    into
        refresh_token
        (created_at, expiry_date, token, updated_at, user_id) 
    values
        (?, ?, ?, ?, ?)
2026-04-13 18:14:31 INFO  JwtAuthenticationFilter:35 - ➡️ Request: GET /api/auth/account-info
2026-04-13 18:14:31 DEBUG SQL:126 - 
    select
        ue1_0.id,
        ue1_0.activation_token,
        ue1_0.created_at,
        ue1_0.email,
        ue1_0.full_name,
        ue1_0.password,
        ue1_0.phone,
        ue1_0.provider,
        ue1_0.role,
        ue1_0.status,
        ue1_0.updated_at,
        ue1_0.user_image_url 
    from
        user ue1_0 
    where
        ue1_0.email=?
2026-04-13 18:14:31 INFO  JwtAuthenticationFilter:60 - ⬅️ Response: GET /api/auth/account-info - 200
2026-04-13 18:14:31 INFO  JwtAuthenticationFilter:35 - ➡️ Request: GET /api/auth/account-info
2026-04-13 18:14:31 DEBUG SQL:126 - 
    select
        ue1_0.id,
        ue1_0.activation_token,
        ue1_0.created_at,
        ue1_0.email,
        ue1_0.full_name,
        ue1_0.password,
        ue1_0.phone,
        ue1_0.provider,
        ue1_0.role,
        ue1_0.status,
        ue1_0.updated_at,
        ue1_0.user_image_url 
    from
        user ue1_0 
    where
        ue1_0.email=?
2026-04-13 18:14:31 INFO  JwtAuthenticationFilter:60 - ⬅️ Response: GET /api/auth/account-info - 200
2026-04-13 18:16:36 INFO  GracefulShutdown:54 - Commencing graceful shutdown. Waiting for active requests to complete
2026-04-13 18:16:36 INFO  GracefulShutdown:76 - Graceful shutdown complete
2026-04-13 18:16:36 INFO  LocalContainerEntityManagerFactoryBean:693 - Closing JPA EntityManagerFactory for persistence unit 'default'
2026-04-13 18:16:36 INFO  HikariDataSource:349 - HikariPool-1 - Shutdown initiated...
2026-04-13 18:16:36 INFO  HikariDataSource:351 - HikariPool-1 - Shutdown completed.
2026-04-13 18:16:38 INFO  LahoaBeApplication:54 - Starting LahoaBeApplication using Java 21.0.10 with PID 26287 (/Users/congsang/lahoa_shop/lahoa_website/lahoa-be/target/classes started by congsang in /Users/congsang/lahoa_shop/lahoa_website/lahoa-be)
2026-04-13 18:16:38 INFO  LahoaBeApplication:652 - No active profile set, falling back to 1 default profile: "default"
2026-04-13 18:16:38 INFO  Version:18 - HV000001: Hibernate Validator 9.0.1.Final
2026-04-13 18:16:39 INFO  RepositoryConfigurationDelegate:145 - Bootstrapping Spring Data JPA repositories in DEFAULT mode.
2026-04-13 18:16:39 INFO  RepositoryConfigurationDelegate:213 - Finished Spring Data repository scanning in 25 ms. Found 2 JPA repository interfaces.
2026-04-13 18:16:39 INFO  TomcatWebServer:114 - Tomcat initialized with port 8080 (http)
2026-04-13 18:16:39 INFO  Http11NioProtocol:168 - Initializing ProtocolHandler ["http-nio-8080"]
2026-04-13 18:16:39 INFO  StandardService:168 - Starting service [Tomcat]
2026-04-13 18:16:39 INFO  StandardEngine:168 - Starting Servlet engine: [Apache Tomcat/11.0.18]
2026-04-13 18:16:39 INFO  WebApplicationContextInitializer:77 - Root WebApplicationContext: initialization completed in 728 ms
2026-04-13 18:16:39 INFO  jpa:102 - HHH008540: Processing PersistenceUnitInfo [name: default]
2026-04-13 18:16:39 INFO  core:41 - HHH000001: Hibernate ORM core version 7.2.4.Final
2026-04-13 18:16:39 INFO  SpringPersistenceUnitInfo:129 - No LoadTimeWeaver setup: ignoring JPA class transformer
2026-04-13 18:16:39 INFO  HikariDataSource:109 - HikariPool-1 - Starting...
2026-04-13 18:16:39 INFO  HikariPool:580 - HikariPool-1 - Added connection com.mysql.cj.jdbc.ConnectionImpl@43b45ce4
2026-04-13 18:16:39 INFO  HikariDataSource:122 - HikariPool-1 - Start completed.
2026-04-13 18:16:39 INFO  pooling:179 - HHH10001005: Database info:
	Database JDBC URL [jdbc:mysql://localhost:3306/lahoamanager]
	Database driver: MySQL Connector/J
	Database dialect: MySQLDialect
	Database version: 8.0.45
	Default catalog/schema: lahoamanager/undefined
	Autocommit mode: undefined/unknown
	Isolation level: REPEATABLE_READ [default REPEATABLE_READ]
	JDBC fetch size: none
	Pool: DataSourceConnectionProvider
	Minimum pool size: undefined/unknown
	Maximum pool size: undefined/unknown
2026-04-13 18:16:40 INFO  core:53 - HHH000489: No JTA platform available (set 'hibernate.transaction.jta.platform' to enable JTA platform integration)
2026-04-13 18:16:40 INFO  LocalContainerEntityManagerFactoryBean:464 - Initialized JPA EntityManagerFactory for persistence unit 'default'
2026-04-13 18:16:40 INFO  QueryEnhancerFactories:48 - Hibernate is in classpath; If applicable, HQL parser will be used.
2026-04-13 18:16:40 WARN  JpaBaseConfiguration$JpaWebConfiguration:247 - spring.jpa.open-in-view is enabled by default. Therefore, database queries may be performed during view rendering. Explicitly configure spring.jpa.open-in-view to disable this warning
2026-04-13 18:16:40 INFO  InitializeUserDetailsBeanManagerConfigurer$InitializeUserDetailsManagerConfigurer:110 - Global AuthenticationManager configured with UserDetailsService bean with name appUserDetailsService
2026-04-13 18:16:41 INFO  Http11NioProtocol:168 - Starting ProtocolHandler ["http-nio-8080"]
2026-04-13 18:16:41 INFO  TomcatWebServer:240 - Tomcat started on port 8080 (http) with context path '/api'
2026-04-13 18:16:41 INFO  LahoaBeApplication:60 - Started LahoaBeApplication in 2.675 seconds (process running for 2.98)
2026-04-13 18:16:49 INFO  [/api]:168 - Initializing Spring DispatcherServlet 'dispatcherServlet'
2026-04-13 18:16:49 INFO  DispatcherServlet:523 - Initializing Servlet 'dispatcherServlet'
2026-04-13 18:16:49 INFO  DispatcherServlet:545 - Completed initialization in 1 ms
2026-04-13 18:16:49 INFO  JwtAuthenticationFilter:35 - ➡️ Request: POST /api/auth/logout
2026-04-13 18:16:50 DEBUG SQL:126 - 
    select
        ue1_0.id,
        ue1_0.activation_token,
        ue1_0.created_at,
        ue1_0.email,
        ue1_0.full_name,
        ue1_0.password,
        ue1_0.phone,
        ue1_0.provider,
        ue1_0.role,
        ue1_0.status,
        ue1_0.updated_at,
        ue1_0.user_image_url 
    from
        user ue1_0 
    where
        ue1_0.email=?
2026-04-13 18:16:50 DEBUG SQL:126 - 
    select
        rte1_0.id,
        rte1_0.created_at,
        rte1_0.expiry_date,
        rte1_0.token,
        rte1_0.updated_at,
        rte1_0.user_id 
    from
        refresh_token rte1_0 
    where
        rte1_0.user_id=?
2026-04-13 18:16:50 DEBUG SQL:126 - 
    select
        ue1_0.id,
        ue1_0.activation_token,
        ue1_0.created_at,
        ue1_0.email,
        ue1_0.full_name,
        ue1_0.password,
        ue1_0.phone,
        ue1_0.provider,
        ue1_0.role,
        ue1_0.status,
        ue1_0.updated_at,
        ue1_0.user_image_url 
    from
        user ue1_0 
    where
        ue1_0.id=?
2026-04-13 18:16:50 DEBUG SQL:126 - 
    delete 
    from
        refresh_token 
    where
        id=?
2026-04-13 18:16:50 INFO  JwtAuthenticationFilter:60 - ⬅️ Response: POST /api/auth/logout - 204
2026-04-13 18:18:14 DEBUG SQL:126 - 
    select
        ue1_0.id,
        ue1_0.activation_token,
        ue1_0.created_at,
        ue1_0.email,
        ue1_0.full_name,
        ue1_0.password,
        ue1_0.phone,
        ue1_0.provider,
        ue1_0.role,
        ue1_0.status,
        ue1_0.updated_at,
        ue1_0.user_image_url 
    from
        user ue1_0 
    where
        ue1_0.email=?
2026-04-13 18:18:14 DEBUG SQL:126 - 
    select
        rte1_0.id,
        rte1_0.created_at,
        rte1_0.expiry_date,
        rte1_0.token,
        rte1_0.updated_at,
        rte1_0.user_id 
    from
        refresh_token rte1_0 
    where
        rte1_0.user_id=?
2026-04-13 18:18:14 DEBUG SQL:126 - 
    select
        ue1_0.id,
        ue1_0.activation_token,
        ue1_0.created_at,
        ue1_0.email,
        ue1_0.full_name,
        ue1_0.password,
        ue1_0.phone,
        ue1_0.provider,
        ue1_0.role,
        ue1_0.status,
        ue1_0.updated_at,
        ue1_0.user_image_url 
    from
        user ue1_0 
    where
        ue1_0.id=?
2026-04-13 18:18:14 DEBUG SQL:126 - 
    select
        null,
        ue1_0.activation_token,
        ue1_0.created_at,
        ue1_0.email,
        ue1_0.full_name,
        ue1_0.password,
        ue1_0.phone,
        ue1_0.provider,
        ue1_0.role,
        ue1_0.status,
        ue1_0.updated_at,
        ue1_0.user_image_url 
    from
        user ue1_0 
    where
        ue1_0.id=?
2026-04-13 18:18:14 DEBUG SQL:126 - 
    insert 
    into
        refresh_token
        (created_at, expiry_date, token, updated_at, user_id) 
    values
        (?, ?, ?, ?, ?)
2026-04-13 18:18:14 INFO  JwtAuthenticationFilter:35 - ➡️ Request: GET /api/auth/account-info
2026-04-13 18:18:14 DEBUG SQL:126 - 
    select
        ue1_0.id,
        ue1_0.activation_token,
        ue1_0.created_at,
        ue1_0.email,
        ue1_0.full_name,
        ue1_0.password,
        ue1_0.phone,
        ue1_0.provider,
        ue1_0.role,
        ue1_0.status,
        ue1_0.updated_at,
        ue1_0.user_image_url 
    from
        user ue1_0 
    where
        ue1_0.email=?
2026-04-13 18:18:14 INFO  JwtAuthenticationFilter:60 - ⬅️ Response: GET /api/auth/account-info - 200
2026-04-13 18:18:14 INFO  JwtAuthenticationFilter:35 - ➡️ Request: GET /api/auth/account-info
2026-04-13 18:18:14 DEBUG SQL:126 - 
    select
        ue1_0.id,
        ue1_0.activation_token,
        ue1_0.created_at,
        ue1_0.email,
        ue1_0.full_name,
        ue1_0.password,
        ue1_0.phone,
        ue1_0.provider,
        ue1_0.role,
        ue1_0.status,
        ue1_0.updated_at,
        ue1_0.user_image_url 
    from
        user ue1_0 
    where
        ue1_0.email=?
2026-04-13 18:18:14 INFO  JwtAuthenticationFilter:60 - ⬅️ Response: GET /api/auth/account-info - 200
2026-04-13 18:27:23 INFO  GracefulShutdown:54 - Commencing graceful shutdown. Waiting for active requests to complete
2026-04-13 18:27:23 INFO  GracefulShutdown:76 - Graceful shutdown complete
2026-04-13 18:27:23 INFO  LocalContainerEntityManagerFactoryBean:693 - Closing JPA EntityManagerFactory for persistence unit 'default'
2026-04-13 18:27:23 INFO  HikariDataSource:349 - HikariPool-1 - Shutdown initiated...
2026-04-13 18:27:23 INFO  HikariDataSource:351 - HikariPool-1 - Shutdown completed.
2026-04-13 19:38:49 INFO  LahoaBeApplication:54 - Starting LahoaBeApplication using Java 21.0.10 with PID 37130 (/Users/congsang/lahoa_shop/lahoa_website/lahoa-be/target/classes started by congsang in /Users/congsang/lahoa_shop/lahoa_website/lahoa-be)
2026-04-13 19:38:49 INFO  LahoaBeApplication:652 - No active profile set, falling back to 1 default profile: "default"
2026-04-13 19:38:49 INFO  Version:18 - HV000001: Hibernate Validator 9.0.1.Final
2026-04-13 19:38:49 INFO  RepositoryConfigurationDelegate:145 - Bootstrapping Spring Data JPA repositories in DEFAULT mode.
2026-04-13 19:38:49 INFO  RepositoryConfigurationDelegate:213 - Finished Spring Data repository scanning in 24 ms. Found 2 JPA repository interfaces.
2026-04-13 19:38:50 INFO  TomcatWebServer:114 - Tomcat initialized with port 8080 (http)
2026-04-13 19:38:50 INFO  Http11NioProtocol:168 - Initializing ProtocolHandler ["http-nio-8080"]
2026-04-13 19:38:50 INFO  StandardService:168 - Starting service [Tomcat]
2026-04-13 19:38:50 INFO  StandardEngine:168 - Starting Servlet engine: [Apache Tomcat/11.0.18]
2026-04-13 19:38:50 INFO  WebApplicationContextInitializer:77 - Root WebApplicationContext: initialization completed in 751 ms
2026-04-13 19:38:50 INFO  jpa:102 - HHH008540: Processing PersistenceUnitInfo [name: default]
2026-04-13 19:38:50 INFO  core:41 - HHH000001: Hibernate ORM core version 7.2.4.Final
2026-04-13 19:38:50 INFO  SpringPersistenceUnitInfo:129 - No LoadTimeWeaver setup: ignoring JPA class transformer
2026-04-13 19:38:50 INFO  HikariDataSource:109 - HikariPool-1 - Starting...
2026-04-13 19:38:50 INFO  HikariPool:580 - HikariPool-1 - Added connection com.mysql.cj.jdbc.ConnectionImpl@2459333a
2026-04-13 19:38:50 INFO  HikariDataSource:122 - HikariPool-1 - Start completed.
2026-04-13 19:38:50 INFO  pooling:179 - HHH10001005: Database info:
	Database JDBC URL [jdbc:mysql://localhost:3306/lahoamanager]
	Database driver: MySQL Connector/J
	Database dialect: MySQLDialect
	Database version: 8.0.45
	Default catalog/schema: lahoamanager/undefined
	Autocommit mode: undefined/unknown
	Isolation level: REPEATABLE_READ [default REPEATABLE_READ]
	JDBC fetch size: none
	Pool: DataSourceConnectionProvider
	Minimum pool size: undefined/unknown
	Maximum pool size: undefined/unknown
2026-04-13 19:38:51 INFO  core:53 - HHH000489: No JTA platform available (set 'hibernate.transaction.jta.platform' to enable JTA platform integration)
2026-04-13 19:38:51 INFO  LocalContainerEntityManagerFactoryBean:464 - Initialized JPA EntityManagerFactory for persistence unit 'default'
2026-04-13 19:38:51 INFO  QueryEnhancerFactories:48 - Hibernate is in classpath; If applicable, HQL parser will be used.
2026-04-13 19:38:51 WARN  JpaBaseConfiguration$JpaWebConfiguration:247 - spring.jpa.open-in-view is enabled by default. Therefore, database queries may be performed during view rendering. Explicitly configure spring.jpa.open-in-view to disable this warning
2026-04-13 19:38:51 INFO  InitializeUserDetailsBeanManagerConfigurer$InitializeUserDetailsManagerConfigurer:110 - Global AuthenticationManager configured with UserDetailsService bean with name appUserDetailsService
2026-04-13 19:38:51 INFO  Http11NioProtocol:168 - Starting ProtocolHandler ["http-nio-8080"]
2026-04-13 19:38:51 INFO  TomcatWebServer:240 - Tomcat started on port 8080 (http) with context path '/api'
2026-04-13 19:38:51 INFO  LahoaBeApplication:60 - Started LahoaBeApplication in 2.69 seconds (process running for 3.016)
2026-04-13 19:38:58 INFO  [/api]:168 - Initializing Spring DispatcherServlet 'dispatcherServlet'
2026-04-13 19:38:58 INFO  DispatcherServlet:523 - Initializing Servlet 'dispatcherServlet'
2026-04-13 19:38:58 INFO  DispatcherServlet:545 - Completed initialization in 2 ms
2026-04-13 19:38:58 INFO  JwtAuthenticationFilter:35 - ➡️ Request: POST /api/auth/logout
2026-04-13 19:38:58 ERROR [dispatcherServlet]:170 - Servlet.service() for servlet [dispatcherServlet] in context with path [/api] threw exception
io.jsonwebtoken.ExpiredJwtException: JWT expired 1244314 milliseconds ago at 2026-04-13T12:18:14.000Z. Current time: 2026-04-13T12:38:58.314Z. Allowed clock skew: 0 milliseconds.
	at io.jsonwebtoken.impl.DefaultJwtParser.parse(DefaultJwtParser.java:682)
	at io.jsonwebtoken.impl.DefaultJwtParser.parse(DefaultJwtParser.java:362)
	at io.jsonwebtoken.impl.DefaultJwtParser.parse(DefaultJwtParser.java:94)
	at io.jsonwebtoken.impl.io.AbstractParser.parse(AbstractParser.java:36)
	at io.jsonwebtoken.impl.io.AbstractParser.parse(AbstractParser.java:29)
	at io.jsonwebtoken.impl.DefaultJwtParser.parseSignedClaims(DefaultJwtParser.java:821)
	at com.lahoa.lahoa_be.service.JwtService.extractAllClaims(JwtService.java:47)
	at com.lahoa.lahoa_be.service.JwtService.extractClaim(JwtService.java:52)
	at com.lahoa.lahoa_be.service.JwtService.extractUsername(JwtService.java:61)
	at com.lahoa.lahoa_be.config.JwtAuthenticationFilter.doFilterInternal(JwtAuthenticationFilter.java:42)
	at org.springframework.web.filter.OncePerRequestFilter.doFilter(OncePerRequestFilter.java:116)
	at org.springframework.security.web.FilterChainProxy$VirtualFilterChain.doFilter(FilterChainProxy.java:380)
	at org.springframework.security.web.authentication.AbstractAuthenticationProcessingFilter.doFilter(AbstractAuthenticationProcessingFilter.java:245)
	at org.springframework.security.web.authentication.AbstractAuthenticationProcessingFilter.doFilter(AbstractAuthenticationProcessingFilter.java:239)
	at org.springframework.security.web.FilterChainProxy$VirtualFilterChain.doFilter(FilterChainProxy.java:380)
	at org.springframework.security.oauth2.client.web.OAuth2AuthorizationRequestRedirectFilter.doFilterInternal(OAuth2AuthorizationRequestRedirectFilter.java:195)
	at org.springframework.web.filter.OncePerRequestFilter.doFilter(OncePerRequestFilter.java:116)
	at org.springframework.security.web.FilterChainProxy$VirtualFilterChain.doFilter(FilterChainProxy.java:380)
	at org.springframework.security.web.authentication.logout.LogoutFilter.doFilter(LogoutFilter.java:110)
	at org.springframework.security.web.authentication.logout.LogoutFilter.doFilter(LogoutFilter.java:96)
	at org.springframework.security.web.FilterChainProxy$VirtualFilterChain.doFilter(FilterChainProxy.java:380)
	at org.springframework.web.filter.CorsFilter.doFilterInternal(CorsFilter.java:91)
	at org.springframework.web.filter.OncePerRequestFilter.doFilter(OncePerRequestFilter.java:116)
	at org.springframework.security.web.FilterChainProxy$VirtualFilterChain.doFilter(FilterChainProxy.java:380)
	at org.springframework.security.web.header.HeaderWriterFilter.doHeadersAfter(HeaderWriterFilter.java:90)
	at org.springframework.security.web.header.HeaderWriterFilter.doFilterInternal(HeaderWriterFilter.java:75)
	at org.springframework.web.filter.OncePerRequestFilter.doFilter(OncePerRequestFilter.java:116)
	at org.springframework.security.web.FilterChainProxy$VirtualFilterChain.doFilter(FilterChainProxy.java:380)
	at org.springframework.security.web.context.SecurityContextHolderFilter.doFilter(SecurityContextHolderFilter.java:82)
	at org.springframework.security.web.context.SecurityContextHolderFilter.doFilter(SecurityContextHolderFilter.java:69)
	at org.springframework.security.web.FilterChainProxy$VirtualFilterChain.doFilter(FilterChainProxy.java:380)
	at org.springframework.security.web.context.request.async.WebAsyncManagerIntegrationFilter.doFilterInternal(WebAsyncManagerIntegrationFilter.java:62)
	at org.springframework.web.filter.OncePerRequestFilter.doFilter(OncePerRequestFilter.java:116)
	at org.springframework.security.web.FilterChainProxy$VirtualFilterChain.doFilter(FilterChainProxy.java:380)
	at org.springframework.security.web.session.DisableEncodeUrlFilter.doFilterInternal(DisableEncodeUrlFilter.java:42)
	at org.springframework.web.filter.OncePerRequestFilter.doFilter(OncePerRequestFilter.java:116)
	at org.springframework.security.web.FilterChainProxy$VirtualFilterChain.doFilter(FilterChainProxy.java:380)
	at org.springframework.security.web.FilterChainProxy.doFilterInternal(FilterChainProxy.java:237)
	at org.springframework.security.web.FilterChainProxy.doFilter(FilterChainProxy.java:195)
	at org.springframework.web.filter.CompositeFilter$VirtualFilterChain.doFilter(CompositeFilter.java:113)
	at org.springframework.web.filter.ServletRequestPathFilter.doFilter(ServletRequestPathFilter.java:52)
	at org.springframework.web.filter.CompositeFilter$VirtualFilterChain.doFilter(CompositeFilter.java:113)
	at org.springframework.web.filter.CompositeFilter.doFilter(CompositeFilter.java:74)
	at org.springframework.security.config.annotation.web.configuration.WebSecurityConfiguration$CompositeFilterChainProxy.doFilter(WebSecurityConfiguration.java:317)
	at org.springframework.web.filter.DelegatingFilterProxy.invokeDelegate(DelegatingFilterProxy.java:355)
	at org.springframework.web.filter.DelegatingFilterProxy.doFilter(DelegatingFilterProxy.java:272)
	at org.apache.catalina.core.ApplicationFilterChain.doFilter(ApplicationFilterChain.java:107)
	at org.springframework.web.filter.RequestContextFilter.doFilterInternal(RequestContextFilter.java:100)
	at org.springframework.web.filter.OncePerRequestFilter.doFilter(OncePerRequestFilter.java:116)
	at org.apache.catalina.core.ApplicationFilterChain.doFilter(ApplicationFilterChain.java:107)
	at org.springframework.web.filter.FormContentFilter.doFilterInternal(FormContentFilter.java:93)
	at org.springframework.web.filter.OncePerRequestFilter.doFilter(OncePerRequestFilter.java:116)
	at org.apache.catalina.core.ApplicationFilterChain.doFilter(ApplicationFilterChain.java:107)
	at org.springframework.web.filter.CharacterEncodingFilter.doFilterInternal(CharacterEncodingFilter.java:199)
	at org.springframework.web.filter.OncePerRequestFilter.doFilter(OncePerRequestFilter.java:116)
	at org.apache.catalina.core.ApplicationFilterChain.doFilter(ApplicationFilterChain.java:107)
	at org.apache.catalina.core.StandardWrapperValve.invoke(StandardWrapperValve.java:165)
	at org.apache.catalina.core.StandardContextValve.invoke(StandardContextValve.java:77)
	at org.apache.catalina.authenticator.AuthenticatorBase.invoke(AuthenticatorBase.java:492)
	at org.apache.catalina.core.StandardHostValve.invoke(StandardHostValve.java:113)
	at org.apache.catalina.valves.ErrorReportValve.invoke(ErrorReportValve.java:83)
	at org.apache.catalina.core.StandardEngineValve.invoke(StandardEngineValve.java:72)
	at org.apache.catalina.connector.CoyoteAdapter.service(CoyoteAdapter.java:341)
	at org.apache.coyote.http11.Http11Processor.service(Http11Processor.java:397)
	at org.apache.coyote.AbstractProcessorLight.process(AbstractProcessorLight.java:63)
	at org.apache.coyote.AbstractProtocol$ConnectionHandler.process(AbstractProtocol.java:903)
	at org.apache.tomcat.util.net.NioEndpoint$SocketProcessor.doRun(NioEndpoint.java:1779)
	at org.apache.tomcat.util.net.SocketProcessorBase.run(SocketProcessorBase.java:52)
	at org.apache.tomcat.util.threads.ThreadPoolExecutor.runWorker(ThreadPoolExecutor.java:946)
	at org.apache.tomcat.util.threads.ThreadPoolExecutor$Worker.run(ThreadPoolExecutor.java:480)
	at org.apache.tomcat.util.threads.TaskThread$WrappingRunnable.run(TaskThread.java:57)
	at java.base/java.lang.Thread.run(Thread.java:1583)
2026-04-13 19:38:58 INFO  JwtAuthenticationFilter:35 - ➡️ Request: POST /api/auth/refresh
2026-04-13 19:38:58 DEBUG SQL:126 - 
    select
        rte1_0.id,
        rte1_0.created_at,
        rte1_0.expiry_date,
        rte1_0.token,
        rte1_0.updated_at,
        rte1_0.user_id 
    from
        refresh_token rte1_0 
    where
        rte1_0.token=?
2026-04-13 19:38:58 DEBUG SQL:126 - 
    select
        ue1_0.id,
        ue1_0.activation_token,
        ue1_0.created_at,
        ue1_0.email,
        ue1_0.full_name,
        ue1_0.password,
        ue1_0.phone,
        ue1_0.provider,
        ue1_0.role,
        ue1_0.status,
        ue1_0.updated_at,
        ue1_0.user_image_url 
    from
        user ue1_0 
    where
        ue1_0.id=?
2026-04-13 19:38:58 INFO  JwtAuthenticationFilter:60 - ⬅️ Response: POST /api/auth/refresh - 200
2026-04-13 19:38:58 INFO  JwtAuthenticationFilter:35 - ➡️ Request: POST /api/auth/logout
2026-04-13 19:38:58 DEBUG SQL:126 - 
    select
        ue1_0.id,
        ue1_0.activation_token,
        ue1_0.created_at,
        ue1_0.email,
        ue1_0.full_name,
        ue1_0.password,
        ue1_0.phone,
        ue1_0.provider,
        ue1_0.role,
        ue1_0.status,
        ue1_0.updated_at,
        ue1_0.user_image_url 
    from
        user ue1_0 
    where
        ue1_0.email=?
2026-04-13 19:38:58 DEBUG SQL:126 - 
    select
        rte1_0.id,
        rte1_0.created_at,
        rte1_0.expiry_date,
        rte1_0.token,
        rte1_0.updated_at,
        rte1_0.user_id 
    from
        refresh_token rte1_0 
    where
        rte1_0.user_id=?
2026-04-13 19:38:58 DEBUG SQL:126 - 
    select
        ue1_0.id,
        ue1_0.activation_token,
        ue1_0.created_at,
        ue1_0.email,
        ue1_0.full_name,
        ue1_0.password,
        ue1_0.phone,
        ue1_0.provider,
        ue1_0.role,
        ue1_0.status,
        ue1_0.updated_at,
        ue1_0.user_image_url 
    from
        user ue1_0 
    where
        ue1_0.id=?
2026-04-13 19:38:58 DEBUG SQL:126 - 
    delete 
    from
        refresh_token 
    where
        id=?
2026-04-13 19:38:58 INFO  JwtAuthenticationFilter:60 - ⬅️ Response: POST /api/auth/logout - 204
2026-04-13 20:28:52 WARN  HikariPool:825 - HikariPool-1 - Thread starvation or clock leap detected (housekeeper delta=13m1s522ms).
2026-04-13 20:45:02 WARN  HikariPool:825 - HikariPool-1 - Thread starvation or clock leap detected (housekeeper delta=16m9s928ms).
2026-04-13 21:01:49 WARN  HikariPool:825 - HikariPool-1 - Thread starvation or clock leap detected (housekeeper delta=16m16s996ms).
2026-04-13 22:51:46 DEBUG SQL:126 - 
    select
        ue1_0.id,
        ue1_0.activation_token,
        ue1_0.created_at,
        ue1_0.email,
        ue1_0.full_name,
        ue1_0.password,
        ue1_0.phone,
        ue1_0.provider,
        ue1_0.role,
        ue1_0.status,
        ue1_0.updated_at,
        ue1_0.user_image_url 
    from
        user ue1_0 
    where
        ue1_0.email=?
2026-04-13 22:51:46 DEBUG SQL:126 - 
    select
        rte1_0.id,
        rte1_0.created_at,
        rte1_0.expiry_date,
        rte1_0.token,
        rte1_0.updated_at,
        rte1_0.user_id 
    from
        refresh_token rte1_0 
    where
        rte1_0.user_id=?
2026-04-13 22:51:46 DEBUG SQL:126 - 
    select
        ue1_0.id,
        ue1_0.activation_token,
        ue1_0.created_at,
        ue1_0.email,
        ue1_0.full_name,
        ue1_0.password,
        ue1_0.phone,
        ue1_0.provider,
        ue1_0.role,
        ue1_0.status,
        ue1_0.updated_at,
        ue1_0.user_image_url 
    from
        user ue1_0 
    where
        ue1_0.id=?
2026-04-13 22:51:46 DEBUG SQL:126 - 
    select
        null,
        ue1_0.activation_token,
        ue1_0.created_at,
        ue1_0.email,
        ue1_0.full_name,
        ue1_0.password,
        ue1_0.phone,
        ue1_0.provider,
        ue1_0.role,
        ue1_0.status,
        ue1_0.updated_at,
        ue1_0.user_image_url 
    from
        user ue1_0 
    where
        ue1_0.id=?
2026-04-13 22:51:46 DEBUG SQL:126 - 
    insert 
    into
        refresh_token
        (created_at, expiry_date, token, updated_at, user_id) 
    values
        (?, ?, ?, ?, ?)
2026-04-13 22:51:46 INFO  JwtAuthenticationFilter:35 - ➡️ Request: GET /api/auth/account-info
2026-04-13 22:51:46 DEBUG SQL:126 - 
    select
        ue1_0.id,
        ue1_0.activation_token,
        ue1_0.created_at,
        ue1_0.email,
        ue1_0.full_name,
        ue1_0.password,
        ue1_0.phone,
        ue1_0.provider,
        ue1_0.role,
        ue1_0.status,
        ue1_0.updated_at,
        ue1_0.user_image_url 
    from
        user ue1_0 
    where
        ue1_0.email=?
2026-04-13 22:51:46 INFO  JwtAuthenticationFilter:60 - ⬅️ Response: GET /api/auth/account-info - 200
2026-04-13 22:51:46 INFO  JwtAuthenticationFilter:35 - ➡️ Request: GET /api/auth/account-info
2026-04-13 22:51:46 DEBUG SQL:126 - 
    select
        ue1_0.id,
        ue1_0.activation_token,
        ue1_0.created_at,
        ue1_0.email,
        ue1_0.full_name,
        ue1_0.password,
        ue1_0.phone,
        ue1_0.provider,
        ue1_0.role,
        ue1_0.status,
        ue1_0.updated_at,
        ue1_0.user_image_url 
    from
        user ue1_0 
    where
        ue1_0.email=?
2026-04-13 22:51:46 INFO  JwtAuthenticationFilter:60 - ⬅️ Response: GET /api/auth/account-info - 200
2026-04-13 22:52:52 INFO  JwtAuthenticationFilter:35 - ➡️ Request: POST /api/auth/logout
2026-04-13 22:52:52 DEBUG SQL:126 - 
    select
        ue1_0.id,
        ue1_0.activation_token,
        ue1_0.created_at,
        ue1_0.email,
        ue1_0.full_name,
        ue1_0.password,
        ue1_0.phone,
        ue1_0.provider,
        ue1_0.role,
        ue1_0.status,
        ue1_0.updated_at,
        ue1_0.user_image_url 
    from
        user ue1_0 
    where
        ue1_0.email=?
2026-04-13 22:52:52 DEBUG SQL:126 - 
    select
        rte1_0.id,
        rte1_0.created_at,
        rte1_0.expiry_date,
        rte1_0.token,
        rte1_0.updated_at,
        rte1_0.user_id 
    from
        refresh_token rte1_0 
    where
        rte1_0.user_id=?
2026-04-13 22:52:52 DEBUG SQL:126 - 
    select
        ue1_0.id,
        ue1_0.activation_token,
        ue1_0.created_at,
        ue1_0.email,
        ue1_0.full_name,
        ue1_0.password,
        ue1_0.phone,
        ue1_0.provider,
        ue1_0.role,
        ue1_0.status,
        ue1_0.updated_at,
        ue1_0.user_image_url 
    from
        user ue1_0 
    where
        ue1_0.id=?
2026-04-13 22:52:52 DEBUG SQL:126 - 
    delete 
    from
        refresh_token 
    where
        id=?
2026-04-13 22:52:52 INFO  JwtAuthenticationFilter:60 - ⬅️ Response: POST /api/auth/logout - 204
2026-04-13 22:55:21 INFO  GracefulShutdown:54 - Commencing graceful shutdown. Waiting for active requests to complete
2026-04-13 22:55:21 INFO  GracefulShutdown:76 - Graceful shutdown complete
2026-04-13 22:55:21 INFO  LocalContainerEntityManagerFactoryBean:693 - Closing JPA EntityManagerFactory for persistence unit 'default'
2026-04-13 22:55:21 INFO  HikariDataSource:349 - HikariPool-1 - Shutdown initiated...
2026-04-13 22:55:21 INFO  HikariDataSource:351 - HikariPool-1 - Shutdown completed.
